<?xml version="1.0" encoding="UTF-8"?>
<!-- Generated by org.testng.reporters.JUnitXMLReporter -->
<testsuite ignored="2" hostname="narayankrishna" failures="1" tests="7" name="Test" time="93.544" errors="0" timestamp="11 Feb 2021 07:36:55 GMT">
  <testcase classname="in.redbus.tests.SearchPageTest" name="whenUserEntersInvalidFromAndValidToAndValidDate" time="0.023">
    <skipped/>
  </testcase> <!-- whenUserEntersInvalidFromAndValidToAndValidDate -->
  <testcase classname="in.redbus.tests.HomePageTest" name="whenUserClickOnBusHireLink" time="0.007">
    <skipped/>
  </testcase> <!-- whenUserClickOnBusHireLink -->
  <testcase classname="in.redbus.tests.HomePageTest" name="whenUserClickOnBusTicketLink" time="0.004">
    <skipped/>
  </testcase> <!-- whenUserClickOnBusTicketLink -->
  <testcase classname="in.redbus.tests.SearchPageTest" name="whenUserEntersValidFromAndInvalidToAndValidDate" time="0.007">
    <skipped/>
  </testcase> <!-- whenUserEntersValidFromAndInvalidToAndValidDate -->
  <testcase classname="in.redbus.tests.SearchPageTest" name="whenUserEntersValidFromAndValidToAndValidDate" time="1.971">
    <failure type="java.lang.AssertionError" message="Assertion on actual and expected title of search page. expected [true] but found [false]">
      <![CDATA[java.lang.AssertionError: Assertion on actual and expected title of search page. expected [true] but found [false]
	at in.redbus.tests.SearchPageTest.whenUserEntersValidFromAndValidToAndValidDate(SearchPageTest.java:70)
	at java.base/java.util.concurrent.ThreadPoolExecutor.runWorker(ThreadPoolExecutor.java:1130)
	at java.base/java.util.concurrent.ThreadPoolExecutor$Worker.run(ThreadPoolExecutor.java:630)
	at java.base/java.lang.Thread.run(Thread.java:832)
... Removed 13 stack frames]]>
    </failure>
  </testcase> <!-- whenUserEntersValidFromAndValidToAndValidDate -->
  <testcase classname="in.redbus.tests.HomePageTest" name="whenUserClickOnRPoolLink" time="3.646"/>
  <testcase classname="in.redbus.tests.HomePageTest" name="whenUserClickOnRedBusLogo" time="0.004">
    <skipped/>
  </testcase> <!-- whenUserClickOnRedBusLogo -->
  <testcase classname="in.redbus.tests.BaseTest" name="@BeforeTest createReport" time="0.0">
    <ignored/>
  </testcase> <!-- @BeforeTest createReport -->
  <testcase classname="in.redbus.tests.BaseTest" name="@AfterTest endReport" time="0.0">
    <ignored/>
  </testcase> <!-- @AfterTest endReport -->
</testsuite> <!-- Test -->
